Found 2 duplicate phone numbers.
Phone: None, Count: 3
Traceback (most recent call last):
  File "/mnt/c/Users/learn/Desktop/suqafuran/venv/lib/python3.11/site-packages/sqlalchemy/engine/base.py", line 1967, in _exec_single_context
    self.dialect.do_execute(
  File "/mnt/c/Users/learn/Desktop/suqafuran/venv/lib/python3.11/site-packages/sqlalchemy/engine/default.py", line 952, in do_execute
    cursor.execute(statement, parameters)
psycopg2.errors.UndefinedColumn: column user.verified_level does not exist
LINE 1: ...".is_active, "user".is_verified, "user".is_admin, "user".ver...
                                                             ^


The above exception was the direct cause of the following exception:

Traceback (most recent call last):
  File "/mnt/c/Users/learn/Desktop/suqafuran/backend/cleanup_duplicates.py", line 14, in <module>
    users = session.exec(select(User).where(User.phone == phone).order_by(User.id)).all()
            ^^^^^^^^^^^^^^^^^^^^^^^^^^^^^^^^^^^^^^^^^^^^^^^^^^^^^^^^^^^^^^^^^^^^^^^
  File "/mnt/c/Users/learn/Desktop/suqafuran/venv/lib/python3.11/site-packages/sqlmodel/orm/session.py", line 81, in exec
    results = super().execute(
              ^^^^^^^^^^^^^^^^
  File "/mnt/c/Users/learn/Desktop/suqafuran/venv/lib/python3.11/site-packages/sqlalchemy/orm/session.py", line 2351, in execute
    return self._execute_internal(
           ^^^^^^^^^^^^^^^^^^^^^^^
  File "/mnt/c/Users/learn/Desktop/suqafuran/venv/lib/python3.11/site-packages/sqlalchemy/orm/session.py", line 2249, in _execute_internal
    result: Result[Any] = compile_state_cls.orm_execute_statement(
                          ^^^^^^^^^^^^^^^^^^^^^^^^^^^^^^^^^^^^^^^^
  File "/mnt/c/Users/learn/Desktop/suqafuran/venv/lib/python3.11/site-packages/sqlalchemy/orm/context.py", line 306, in orm_execute_statement
    result = conn.execute(
             ^^^^^^^^^^^^^
  File "/mnt/c/Users/learn/Desktop/suqafuran/venv/lib/python3.11/site-packages/sqlalchemy/engine/base.py", line 1419, in execute
    return meth(
           ^^^^^
  File "/mnt/c/Users/learn/Desktop/suqafuran/venv/lib/python3.11/site-packages/sqlalchemy/sql/elements.py", line 527, in _execute_on_connection
    return connection._execute_clauseelement(
           ^^^^^^^^^^^^^^^^^^^^^^^^^^^^^^^^^^
  File "/mnt/c/Users/learn/Desktop/suqafuran/venv/lib/python3.11/site-packages/sqlalchemy/engine/base.py", line 1641, in _execute_clauseelement
    ret = self._execute_context(
          ^^^^^^^^^^^^^^^^^^^^^^
  File "/mnt/c/Users/learn/Desktop/suqafuran/venv/lib/python3.11/site-packages/sqlalchemy/engine/base.py", line 1846, in _execute_context
    return self._exec_single_context(
           ^^^^^^^^^^^^^^^^^^^^^^^^^^
  File "/mnt/c/Users/learn/Desktop/suqafuran/venv/lib/python3.11/site-packages/sqlalchemy/engine/base.py", line 1986, in _exec_single_context
    self._handle_dbapi_exception(
  File "/mnt/c/Users/learn/Desktop/suqafuran/venv/lib/python3.11/site-packages/sqlalchemy/engine/base.py", line 2363, in _handle_dbapi_exception
    raise sqlalchemy_exception.with_traceback(exc_info[2]) from e
  File "/mnt/c/Users/learn/Desktop/suqafuran/venv/lib/python3.11/site-packages/sqlalchemy/engine/base.py", line 1967, in _exec_single_context
    self.dialect.do_execute(
  File "/mnt/c/Users/learn/Desktop/suqafuran/venv/lib/python3.11/site-packages/sqlalchemy/engine/default.py", line 952, in do_execute
    cursor.execute(statement, parameters)
sqlalchemy.exc.ProgrammingError: (psycopg2.errors.UndefinedColumn) column user.verified_level does not exist
LINE 1: ...".is_active, "user".is_verified, "user".is_admin, "user".ver...
                                                             ^

[SQL: SELECT "user".full_name, "user".email, "user".phone, "user".is_active, "user".is_verified, "user".is_admin, "user".verified_level, "user".avatar_url, "user".response_time, "user".email_notifications, "user".sms_notifications, "user".id, "user".hashed_password, "user".created_at, "user".updated_at 
FROM "user" 
WHERE "user".phone IS NULL ORDER BY "user".id]
(Background on this error at: https://sqlalche.me/e/20/f405)
